1749554634951	geckodriver	INFO	Listening on 127.0.0.1:59292
1749554638029	mozrunner::runner	INFO	Running command: "C:\\Program Files\\Mozilla Firefox\\firefox.exe" "--marionette" "--remote-debugging-port" "59293" "--remote-allow-hosts" "localhost" "-no-remote" "-profile" "C:\\Users\\skarn\\AppData\\Local\\Temp\\rust_mozprofileLgwSh6"
console.warn: services.settings: Ignoring preference override of remote settings server
console.warn: services.settings: Allow by setting MOZ_REMOTE_SETTINGS_DEVTOOLS=1 in the environment
Dynamically enable window occlusion 0
1749554638716	Marionette	INFO	Marionette enabled
1749554639317	Marionette	INFO	Listening on port 59300
WebDriver BiDi listening on ws://127.0.0.1:59293
Read port: 59300
1749554639453	RemoteAgent	WARN	TLS certificate errors will be ignored for this session
JavaScript error: https://www.blogger.com/static/v1/widgets/2838643729-widgets.js, line 69: TypeError: a is null
console.warn: LoginRecipes: "Falling back to a synchronous message for: https://omayo.blogspot.com."
console.warn: LoginRecipes: "Falling back to a synchronous message for: https://omayo.blogspot.com."
console.warn: LoginRecipes: "Falling back to a synchronous message for: https://omayo.blogspot.com."
JavaScript warning: https://www.blogger.com/_/scs/mss-static/_/js/k=boq-blogger.BloggerNavbarUi.en_US.RqiQJBu0uYY.es5.O/am=AAADWwAQ/d=1/excm=_b,_tp,navbarview/ed=1/dg=0/wt=2/ujg=1/rs=AEy-KP0YJjoz2TuOANjTFYVX6FiyC4_G-w/m=_b,_tp, line 297: Script terminated by timeout at:
c@https://www.blogger.com/_/scs/mss-static/_/js/k=boq-blogger.BloggerNavbarUi.en_US.RqiQJBu0uYY.es5.O/am=AAADWwAQ/d=1/excm=_b,_tp,navbarview/ed=1/dg=0/wt=2/ujg=1/rs=AEy-KP0YJjoz2TuOANjTFYVX6FiyC4_G-w/m=_b,_tp:297:185
b@https://www.blogger.com/_/scs/mss-static/_/js/k=boq-blogger.BloggerNavbarUi.en_US.RqiQJBu0uYY.es5.O/am=AAADWwAQ/d=1/excm=_b,_tp,navbarview/ed=1/dg=0/wt=2/ujg=1/rs=AEy-KP0YJjoz2TuOANjTFYVX6FiyC4_G-w/m=_b,_tp:279:475

JavaScript error: https://www.blogger.com/static/v1/widgets/2838643729-widgets.js, line 69: TypeError: a is null
console.warn: LoginRecipes: "Falling back to a synchronous message for: https://omayo.blogspot.com."
console.warn: LoginRecipes: "Falling back to a synchronous message for: https://omayo.blogspot.com."
console.warn: LoginRecipes: "Falling back to a synchronous message for: https://omayo.blogspot.com."
console.warn: LoginRecipes: "Falling back to a synchronous message for: https://omayo.blogspot.com."
JavaScript warning: https://www.blogger.com/_/scs/mss-static/_/js/k=boq-blogger.BloggerNavbarUi.en_US.RqiQJBu0uYY.es5.O/am=AAADWwAQ/d=1/excm=_b,_tp,navbarview/ed=1/dg=0/wt=2/ujg=1/rs=AEy-KP0YJjoz2TuOANjTFYVX6FiyC4_G-w/m=_b,_tp, line 297: Script terminated by timeout at:
c@https://www.blogger.com/_/scs/mss-static/_/js/k=boq-blogger.BloggerNavbarUi.en_US.RqiQJBu0uYY.es5.O/am=AAADWwAQ/d=1/excm=_b,_tp,navbarview/ed=1/dg=0/wt=2/ujg=1/rs=AEy-KP0YJjoz2TuOANjTFYVX6FiyC4_G-w/m=_b,_tp:297:185
b@https://www.blogger.com/_/scs/mss-static/_/js/k=boq-blogger.BloggerNavbarUi.en_US.RqiQJBu0uYY.es5.O/am=AAADWwAQ/d=1/excm=_b,_tp,navbarview/ed=1/dg=0/wt=2/ujg=1/rs=AEy-KP0YJjoz2TuOANjTFYVX6FiyC4_G-w/m=_b,_tp:279:475

JavaScript error: https://www.blogger.com/static/v1/widgets/2838643729-widgets.js, line 69: TypeError: a is null
Exiting due to channel error.
Exiting due to channel error.
Exiting due to channel error.
Exiting due to channel error.
